2024-11-20 15:27:26,196 INFO o.a.j.u.JMeterUtils: Setting Locale to en_EN
2024-11-20 15:27:26,230 INFO o.a.j.JMeter: Loading user properties from: /home/sazanova/jmeter/bin/user.properties
2024-11-20 15:27:26,231 INFO o.a.j.JMeter: Loading system properties from: /home/sazanova/jmeter/bin/system.properties
2024-11-20 15:27:26,242 INFO o.a.j.JMeter: Copyright (c) 1998-2024 The Apache Software Foundation
2024-11-20 15:27:26,243 INFO o.a.j.JMeter: Version 5.6.3
2024-11-20 15:27:26,243 INFO o.a.j.JMeter: java.version=11.0.25
2024-11-20 15:27:26,243 INFO o.a.j.JMeter: java.vm.name=OpenJDK 64-Bit Server VM
2024-11-20 15:27:26,243 INFO o.a.j.JMeter: os.name=Linux
2024-11-20 15:27:26,243 INFO o.a.j.JMeter: os.arch=amd64
2024-11-20 15:27:26,243 INFO o.a.j.JMeter: os.version=5.15.153.1-microsoft-standard-WSL2
2024-11-20 15:27:26,243 INFO o.a.j.JMeter: file.encoding=UTF-8
2024-11-20 15:27:26,243 INFO o.a.j.JMeter: java.awt.headless=null
2024-11-20 15:27:26,243 INFO o.a.j.JMeter: Max memory     =1073741824
2024-11-20 15:27:26,243 INFO o.a.j.JMeter: Available Processors =16
2024-11-20 15:27:26,263 INFO o.a.j.JMeter: Default Locale=English (EN)
2024-11-20 15:27:26,263 INFO o.a.j.JMeter: JMeter  Locale=English (EN)
2024-11-20 15:27:26,264 INFO o.a.j.JMeter: JMeterHome=/home/sazanova/jmeter
2024-11-20 15:27:26,264 INFO o.a.j.JMeter: user.dir  =/home/sazanova/highload/assignment4
2024-11-20 15:27:26,264 INFO o.a.j.JMeter: PWD       =/home/sazanova/highload/assignment4
2024-11-20 15:27:26,265 INFO o.a.j.JMeter: IP: 127.0.1.1 Name: DESKTOP-8GO62UR FullName: DESKTOP-8GO62UR.
2024-11-20 15:27:26,293 INFO o.a.j.JMeter: Loaded icon properties from org/apache/jmeter/images/icon.properties
2024-11-20 15:27:26,914 INFO o.a.j.JMeterGuiLauncher: Setting LAF to: com.github.weisj.darklaf.DarkLaf:com.github.weisj.darklaf.theme.DarculaTheme
2024-11-20 15:28:23,122 INFO o.a.j.s.FileServer: Default base='/home/sazanova/highload/assignment4'
2024-11-20 15:28:23,126 INFO o.a.j.g.a.Load: Loading file: /home/sazanova/highload/assignment4/mailApp/View Results in Table.jmx
2024-11-20 15:28:23,126 INFO o.a.j.s.FileServer: Set new base='/home/sazanova/highload/assignment4/mailApp'
2024-11-20 15:28:23,348 INFO o.a.j.s.SaveService: Testplan (JMX) version: 2.2. Testlog (JTL) version: 2.2
2024-11-20 15:28:23,360 INFO o.a.j.s.SaveService: Using SaveService properties version 5.0
2024-11-20 15:28:23,362 INFO o.a.j.s.SaveService: Using SaveService properties file encoding UTF-8
2024-11-20 15:28:23,363 INFO o.a.j.s.SaveService: Loading file: /home/sazanova/highload/assignment4/mailApp/View Results in Table.jmx
2024-11-20 15:28:23,393 INFO o.a.j.p.h.s.HTTPSamplerBase: Parser for text/html is org.apache.jmeter.protocol.http.parser.LagartoBasedHtmlParser
2024-11-20 15:28:23,393 INFO o.a.j.p.h.s.HTTPSamplerBase: Parser for application/xhtml+xml is org.apache.jmeter.protocol.http.parser.LagartoBasedHtmlParser
2024-11-20 15:28:23,393 INFO o.a.j.p.h.s.HTTPSamplerBase: Parser for application/xml is org.apache.jmeter.protocol.http.parser.LagartoBasedHtmlParser
2024-11-20 15:28:23,393 INFO o.a.j.p.h.s.HTTPSamplerBase: Parser for text/xml is org.apache.jmeter.protocol.http.parser.LagartoBasedHtmlParser
2024-11-20 15:28:23,393 INFO o.a.j.p.h.s.HTTPSamplerBase: Parser for text/vnd.wap.wml is org.apache.jmeter.protocol.http.parser.RegexpHTMLParser
2024-11-20 15:28:23,394 INFO o.a.j.p.h.s.HTTPSamplerBase: Parser for text/css is org.apache.jmeter.protocol.http.parser.CssParser
2024-11-20 15:28:23,624 INFO o.a.j.s.FileServer: Set new base='/home/sazanova/highload/assignment4/mailApp'
2024-11-20 15:28:35,005 INFO o.a.j.e.StandardJMeterEngine: Running the test!
2024-11-20 15:28:35,007 INFO o.a.j.s.SampleEvent: List of sample_variables: []
2024-11-20 15:28:35,007 INFO o.a.j.s.SampleEvent: List of sample_variables: []
2024-11-20 15:28:35,009 INFO o.a.j.e.u.CompoundVariable: Note: Function class names must contain the string: '.functions.'
2024-11-20 15:28:35,009 INFO o.a.j.e.u.CompoundVariable: Note: Function class names must not contain the string: '.gui.'
2024-11-20 15:28:35,317 INFO o.a.j.g.u.JMeterMenuBar: setRunning(true, *local*)
2024-11-20 15:28:35,367 INFO o.a.j.e.StandardJMeterEngine: Starting ThreadGroup: 1 : Thread Group
2024-11-20 15:28:35,367 INFO o.a.j.e.StandardJMeterEngine: Starting 100 threads for group Thread Group.
2024-11-20 15:28:35,367 INFO o.a.j.e.StandardJMeterEngine: Thread will continue on error
2024-11-20 15:28:35,367 INFO o.a.j.t.ThreadGroup: Starting thread group... number=1 threads=100 ramp-up=10 delayedStart=false
2024-11-20 15:28:35,375 INFO o.a.j.t.JMeterThread: Thread started: Thread Group 1-1
2024-11-20 15:28:35,422 INFO o.a.j.p.h.s.HTTPHCAbstractImpl: Local host = DESKTOP-8GO62UR
2024-11-20 15:28:35,444 INFO o.a.j.p.h.s.HTTPHC4Impl: HTTP request retry count = 0
2024-11-20 15:28:35,446 INFO o.a.j.s.SampleResult: Note: Sample TimeStamps are START times
2024-11-20 15:28:35,447 INFO o.a.j.s.SampleResult: sampleresult.default.encoding is set to UTF-8
2024-11-20 15:28:35,447 INFO o.a.j.s.SampleResult: sampleresult.useNanoTime=true
2024-11-20 15:28:35,447 INFO o.a.j.s.SampleResult: sampleresult.nanoThreadSleep=5000
2024-11-20 15:28:35,471 INFO o.a.j.t.JMeterThread: Thread started: Thread Group 1-2
2024-11-20 15:28:35,502 INFO o.a.j.t.ThreadGroup: Started thread group number 1
2024-11-20 15:28:35,502 INFO o.a.j.e.StandardJMeterEngine: All thread groups have been started
2024-11-20 15:28:35,574 INFO o.a.j.t.JMeterThread: Thread started: Thread Group 1-3
2024-11-20 15:28:35,672 INFO o.a.j.t.JMeterThread: Thread started: Thread Group 1-4
2024-11-20 15:28:35,678 INFO o.a.j.t.JMeterThread: Thread is done: Thread Group 1-1
2024-11-20 15:28:35,678 INFO o.a.j.t.JMeterThread: Thread is done: Thread Group 1-3
2024-11-20 15:28:35,678 INFO o.a.j.t.JMeterThread: Thread is done: Thread Group 1-2
2024-11-20 15:28:35,678 INFO o.a.j.t.JMeterThread: Thread finished: Thread Group 1-1
2024-11-20 15:28:35,678 INFO o.a.j.t.JMeterThread: Thread finished: Thread Group 1-3
2024-11-20 15:28:35,678 INFO o.a.j.t.JMeterThread: Thread finished: Thread Group 1-2
2024-11-20 15:28:35,697 INFO o.a.j.t.JMeterThread: Thread is done: Thread Group 1-4
2024-11-20 15:28:35,697 INFO o.a.j.t.JMeterThread: Thread finished: Thread Group 1-4
2024-11-20 15:28:35,773 INFO o.a.j.t.JMeterThread: Thread started: Thread Group 1-5
2024-11-20 15:28:35,789 INFO o.a.j.t.JMeterThread: Thread is done: Thread Group 1-5
2024-11-20 15:28:35,789 INFO o.a.j.t.JMeterThread: Thread finished: Thread Group 1-5
2024-11-20 15:28:35,870 INFO o.a.j.t.JMeterThread: Thread started: Thread Group 1-6
2024-11-20 15:28:35,883 INFO o.a.j.t.JMeterThread: Thread is done: Thread Group 1-6
2024-11-20 15:28:35,884 INFO o.a.j.t.JMeterThread: Thread finished: Thread Group 1-6
2024-11-20 15:28:35,972 INFO o.a.j.t.JMeterThread: Thread started: Thread Group 1-7
2024-11-20 15:28:35,990 INFO o.a.j.t.JMeterThread: Thread is done: Thread Group 1-7
2024-11-20 15:28:35,990 INFO o.a.j.t.JMeterThread: Thread finished: Thread Group 1-7
2024-11-20 15:28:36,071 INFO o.a.j.t.JMeterThread: Thread started: Thread Group 1-8
2024-11-20 15:28:36,085 INFO o.a.j.t.JMeterThread: Thread is done: Thread Group 1-8
2024-11-20 15:28:36,085 INFO o.a.j.t.JMeterThread: Thread finished: Thread Group 1-8
2024-11-20 15:28:36,172 INFO o.a.j.t.JMeterThread: Thread started: Thread Group 1-9
2024-11-20 15:28:36,189 INFO o.a.j.t.JMeterThread: Thread is done: Thread Group 1-9
2024-11-20 15:28:36,189 INFO o.a.j.t.JMeterThread: Thread finished: Thread Group 1-9
2024-11-20 15:28:36,271 INFO o.a.j.t.JMeterThread: Thread started: Thread Group 1-10
2024-11-20 15:28:36,285 INFO o.a.j.t.JMeterThread: Thread is done: Thread Group 1-10
2024-11-20 15:28:36,285 INFO o.a.j.t.JMeterThread: Thread finished: Thread Group 1-10
2024-11-20 15:28:36,378 INFO o.a.j.t.JMeterThread: Thread started: Thread Group 1-11
2024-11-20 15:28:36,395 INFO o.a.j.t.JMeterThread: Thread is done: Thread Group 1-11
2024-11-20 15:28:36,395 INFO o.a.j.t.JMeterThread: Thread finished: Thread Group 1-11
2024-11-20 15:28:36,470 INFO o.a.j.t.JMeterThread: Thread started: Thread Group 1-12
2024-11-20 15:28:36,484 INFO o.a.j.t.JMeterThread: Thread is done: Thread Group 1-12
2024-11-20 15:28:36,484 INFO o.a.j.t.JMeterThread: Thread finished: Thread Group 1-12
2024-11-20 15:28:36,569 INFO o.a.j.t.JMeterThread: Thread started: Thread Group 1-13
2024-11-20 15:28:36,581 INFO o.a.j.t.JMeterThread: Thread is done: Thread Group 1-13
2024-11-20 15:28:36,581 INFO o.a.j.t.JMeterThread: Thread finished: Thread Group 1-13
2024-11-20 15:28:36,668 INFO o.a.j.t.JMeterThread: Thread started: Thread Group 1-14
2024-11-20 15:28:36,687 INFO o.a.j.t.JMeterThread: Thread is done: Thread Group 1-14
2024-11-20 15:28:36,687 INFO o.a.j.t.JMeterThread: Thread finished: Thread Group 1-14
2024-11-20 15:28:36,769 INFO o.a.j.t.JMeterThread: Thread started: Thread Group 1-15
2024-11-20 15:28:36,780 INFO o.a.j.t.JMeterThread: Thread is done: Thread Group 1-15
2024-11-20 15:28:36,780 INFO o.a.j.t.JMeterThread: Thread finished: Thread Group 1-15
2024-11-20 15:28:36,869 INFO o.a.j.t.JMeterThread: Thread started: Thread Group 1-16
2024-11-20 15:28:36,881 INFO o.a.j.t.JMeterThread: Thread is done: Thread Group 1-16
2024-11-20 15:28:36,881 INFO o.a.j.t.JMeterThread: Thread finished: Thread Group 1-16
2024-11-20 15:28:36,970 INFO o.a.j.t.JMeterThread: Thread started: Thread Group 1-17
2024-11-20 15:28:36,985 INFO o.a.j.t.JMeterThread: Thread is done: Thread Group 1-17
2024-11-20 15:28:36,985 INFO o.a.j.t.JMeterThread: Thread finished: Thread Group 1-17
2024-11-20 15:28:37,069 INFO o.a.j.t.JMeterThread: Thread started: Thread Group 1-18
2024-11-20 15:28:37,086 INFO o.a.j.t.JMeterThread: Thread is done: Thread Group 1-18
2024-11-20 15:28:37,086 INFO o.a.j.t.JMeterThread: Thread finished: Thread Group 1-18
2024-11-20 15:28:37,169 INFO o.a.j.t.JMeterThread: Thread started: Thread Group 1-19
2024-11-20 15:28:37,182 INFO o.a.j.t.JMeterThread: Thread is done: Thread Group 1-19
2024-11-20 15:28:37,183 INFO o.a.j.t.JMeterThread: Thread finished: Thread Group 1-19
2024-11-20 15:28:37,269 INFO o.a.j.t.JMeterThread: Thread started: Thread Group 1-20
2024-11-20 15:28:37,280 INFO o.a.j.t.JMeterThread: Thread is done: Thread Group 1-20
2024-11-20 15:28:37,280 INFO o.a.j.t.JMeterThread: Thread finished: Thread Group 1-20
2024-11-20 15:28:37,369 INFO o.a.j.t.JMeterThread: Thread started: Thread Group 1-21
2024-11-20 15:28:37,380 INFO o.a.j.t.JMeterThread: Thread is done: Thread Group 1-21
2024-11-20 15:28:37,380 INFO o.a.j.t.JMeterThread: Thread finished: Thread Group 1-21
2024-11-20 15:28:37,469 INFO o.a.j.t.JMeterThread: Thread started: Thread Group 1-22
2024-11-20 15:28:37,479 INFO o.a.j.t.JMeterThread: Thread is done: Thread Group 1-22
2024-11-20 15:28:37,479 INFO o.a.j.t.JMeterThread: Thread finished: Thread Group 1-22
2024-11-20 15:28:37,569 INFO o.a.j.t.JMeterThread: Thread started: Thread Group 1-23
2024-11-20 15:28:37,582 INFO o.a.j.t.JMeterThread: Thread is done: Thread Group 1-23
2024-11-20 15:28:37,582 INFO o.a.j.t.JMeterThread: Thread finished: Thread Group 1-23
2024-11-20 15:28:37,670 INFO o.a.j.t.JMeterThread: Thread started: Thread Group 1-24
2024-11-20 15:28:37,699 INFO o.a.j.t.JMeterThread: Thread is done: Thread Group 1-24
2024-11-20 15:28:37,700 INFO o.a.j.t.JMeterThread: Thread finished: Thread Group 1-24
2024-11-20 15:28:37,771 INFO o.a.j.t.JMeterThread: Thread started: Thread Group 1-25
2024-11-20 15:28:37,798 INFO o.a.j.t.JMeterThread: Thread is done: Thread Group 1-25
2024-11-20 15:28:37,798 INFO o.a.j.t.JMeterThread: Thread finished: Thread Group 1-25
2024-11-20 15:28:37,870 INFO o.a.j.t.JMeterThread: Thread started: Thread Group 1-26
2024-11-20 15:28:37,906 INFO o.a.j.t.JMeterThread: Thread is done: Thread Group 1-26
2024-11-20 15:28:37,906 INFO o.a.j.t.JMeterThread: Thread finished: Thread Group 1-26
2024-11-20 15:28:37,968 INFO o.a.j.t.JMeterThread: Thread started: Thread Group 1-27
2024-11-20 15:28:37,985 INFO o.a.j.t.JMeterThread: Thread is done: Thread Group 1-27
2024-11-20 15:28:37,985 INFO o.a.j.t.JMeterThread: Thread finished: Thread Group 1-27
2024-11-20 15:28:38,068 INFO o.a.j.t.JMeterThread: Thread started: Thread Group 1-28
2024-11-20 15:28:38,077 INFO o.a.j.t.JMeterThread: Thread is done: Thread Group 1-28
2024-11-20 15:28:38,077 INFO o.a.j.t.JMeterThread: Thread finished: Thread Group 1-28
2024-11-20 15:28:38,169 INFO o.a.j.t.JMeterThread: Thread started: Thread Group 1-29
2024-11-20 15:28:38,186 INFO o.a.j.t.JMeterThread: Thread is done: Thread Group 1-29
2024-11-20 15:28:38,186 INFO o.a.j.t.JMeterThread: Thread finished: Thread Group 1-29
2024-11-20 15:28:38,270 INFO o.a.j.t.JMeterThread: Thread started: Thread Group 1-30
2024-11-20 15:28:38,283 INFO o.a.j.t.JMeterThread: Thread is done: Thread Group 1-30
2024-11-20 15:28:38,284 INFO o.a.j.t.JMeterThread: Thread finished: Thread Group 1-30
2024-11-20 15:28:38,369 INFO o.a.j.t.JMeterThread: Thread started: Thread Group 1-31
2024-11-20 15:28:38,390 INFO o.a.j.t.JMeterThread: Thread is done: Thread Group 1-31
2024-11-20 15:28:38,391 INFO o.a.j.t.JMeterThread: Thread finished: Thread Group 1-31
2024-11-20 15:28:38,468 INFO o.a.j.t.JMeterThread: Thread started: Thread Group 1-32
2024-11-20 15:28:38,478 INFO o.a.j.t.JMeterThread: Thread is done: Thread Group 1-32
2024-11-20 15:28:38,478 INFO o.a.j.t.JMeterThread: Thread finished: Thread Group 1-32
2024-11-20 15:28:38,568 INFO o.a.j.t.JMeterThread: Thread started: Thread Group 1-33
2024-11-20 15:28:38,578 INFO o.a.j.t.JMeterThread: Thread is done: Thread Group 1-33
2024-11-20 15:28:38,578 INFO o.a.j.t.JMeterThread: Thread finished: Thread Group 1-33
2024-11-20 15:28:38,669 INFO o.a.j.t.JMeterThread: Thread started: Thread Group 1-34
2024-11-20 15:28:38,689 INFO o.a.j.t.JMeterThread: Thread is done: Thread Group 1-34
2024-11-20 15:28:38,689 INFO o.a.j.t.JMeterThread: Thread finished: Thread Group 1-34
2024-11-20 15:28:38,770 INFO o.a.j.t.JMeterThread: Thread started: Thread Group 1-35
2024-11-20 15:28:38,787 INFO o.a.j.t.JMeterThread: Thread is done: Thread Group 1-35
2024-11-20 15:28:38,787 INFO o.a.j.t.JMeterThread: Thread finished: Thread Group 1-35
2024-11-20 15:28:38,869 INFO o.a.j.t.JMeterThread: Thread started: Thread Group 1-36
2024-11-20 15:28:38,884 INFO o.a.j.t.JMeterThread: Thread is done: Thread Group 1-36
2024-11-20 15:28:38,884 INFO o.a.j.t.JMeterThread: Thread finished: Thread Group 1-36
2024-11-20 15:28:38,970 INFO o.a.j.t.JMeterThread: Thread started: Thread Group 1-37
2024-11-20 15:28:38,990 INFO o.a.j.t.JMeterThread: Thread is done: Thread Group 1-37
2024-11-20 15:28:38,990 INFO o.a.j.t.JMeterThread: Thread finished: Thread Group 1-37
2024-11-20 15:28:39,071 INFO o.a.j.t.JMeterThread: Thread started: Thread Group 1-38
2024-11-20 15:28:39,093 INFO o.a.j.t.JMeterThread: Thread is done: Thread Group 1-38
2024-11-20 15:28:39,093 INFO o.a.j.t.JMeterThread: Thread finished: Thread Group 1-38
2024-11-20 15:28:39,169 INFO o.a.j.t.JMeterThread: Thread started: Thread Group 1-39
2024-11-20 15:28:39,200 INFO o.a.j.t.JMeterThread: Thread is done: Thread Group 1-39
2024-11-20 15:28:39,200 INFO o.a.j.t.JMeterThread: Thread finished: Thread Group 1-39
2024-11-20 15:28:39,270 INFO o.a.j.t.JMeterThread: Thread started: Thread Group 1-40
2024-11-20 15:28:39,296 INFO o.a.j.t.JMeterThread: Thread is done: Thread Group 1-40
2024-11-20 15:28:39,297 INFO o.a.j.t.JMeterThread: Thread finished: Thread Group 1-40
2024-11-20 15:28:39,370 INFO o.a.j.t.JMeterThread: Thread started: Thread Group 1-41
2024-11-20 15:28:39,394 INFO o.a.j.t.JMeterThread: Thread is done: Thread Group 1-41
2024-11-20 15:28:39,394 INFO o.a.j.t.JMeterThread: Thread finished: Thread Group 1-41
2024-11-20 15:28:39,469 INFO o.a.j.t.JMeterThread: Thread started: Thread Group 1-42
2024-11-20 15:28:39,482 INFO o.a.j.t.JMeterThread: Thread is done: Thread Group 1-42
2024-11-20 15:28:39,483 INFO o.a.j.t.JMeterThread: Thread finished: Thread Group 1-42
2024-11-20 15:28:39,568 INFO o.a.j.t.JMeterThread: Thread started: Thread Group 1-43
2024-11-20 15:28:39,585 INFO o.a.j.t.JMeterThread: Thread is done: Thread Group 1-43
2024-11-20 15:28:39,586 INFO o.a.j.t.JMeterThread: Thread finished: Thread Group 1-43
2024-11-20 15:28:39,669 INFO o.a.j.t.JMeterThread: Thread started: Thread Group 1-44
2024-11-20 15:28:39,691 INFO o.a.j.t.JMeterThread: Thread is done: Thread Group 1-44
2024-11-20 15:28:39,691 INFO o.a.j.t.JMeterThread: Thread finished: Thread Group 1-44
2024-11-20 15:28:39,769 INFO o.a.j.t.JMeterThread: Thread started: Thread Group 1-45
2024-11-20 15:28:39,782 INFO o.a.j.t.JMeterThread: Thread is done: Thread Group 1-45
2024-11-20 15:28:39,782 INFO o.a.j.t.JMeterThread: Thread finished: Thread Group 1-45
2024-11-20 15:28:39,868 INFO o.a.j.t.JMeterThread: Thread started: Thread Group 1-46
2024-11-20 15:28:39,881 INFO o.a.j.t.JMeterThread: Thread is done: Thread Group 1-46
2024-11-20 15:28:39,881 INFO o.a.j.t.JMeterThread: Thread finished: Thread Group 1-46
2024-11-20 15:28:39,969 INFO o.a.j.t.JMeterThread: Thread started: Thread Group 1-47
2024-11-20 15:28:39,985 INFO o.a.j.t.JMeterThread: Thread is done: Thread Group 1-47
2024-11-20 15:28:39,985 INFO o.a.j.t.JMeterThread: Thread finished: Thread Group 1-47
2024-11-20 15:28:40,069 INFO o.a.j.t.JMeterThread: Thread started: Thread Group 1-48
2024-11-20 15:28:40,082 INFO o.a.j.t.JMeterThread: Thread is done: Thread Group 1-48
2024-11-20 15:28:40,083 INFO o.a.j.t.JMeterThread: Thread finished: Thread Group 1-48
2024-11-20 15:28:40,170 INFO o.a.j.t.JMeterThread: Thread started: Thread Group 1-49
2024-11-20 15:28:40,185 INFO o.a.j.t.JMeterThread: Thread is done: Thread Group 1-49
2024-11-20 15:28:40,185 INFO o.a.j.t.JMeterThread: Thread finished: Thread Group 1-49
2024-11-20 15:28:40,269 INFO o.a.j.t.JMeterThread: Thread started: Thread Group 1-50
2024-11-20 15:28:40,283 INFO o.a.j.t.JMeterThread: Thread is done: Thread Group 1-50
2024-11-20 15:28:40,283 INFO o.a.j.t.JMeterThread: Thread finished: Thread Group 1-50
2024-11-20 15:28:40,368 INFO o.a.j.t.JMeterThread: Thread started: Thread Group 1-51
2024-11-20 15:28:40,382 INFO o.a.j.t.JMeterThread: Thread is done: Thread Group 1-51
2024-11-20 15:28:40,382 INFO o.a.j.t.JMeterThread: Thread finished: Thread Group 1-51
2024-11-20 15:28:40,469 INFO o.a.j.t.JMeterThread: Thread started: Thread Group 1-52
2024-11-20 15:28:40,487 INFO o.a.j.t.JMeterThread: Thread is done: Thread Group 1-52
2024-11-20 15:28:40,487 INFO o.a.j.t.JMeterThread: Thread finished: Thread Group 1-52
2024-11-20 15:28:40,569 INFO o.a.j.t.JMeterThread: Thread started: Thread Group 1-53
2024-11-20 15:28:40,584 INFO o.a.j.t.JMeterThread: Thread is done: Thread Group 1-53
2024-11-20 15:28:40,584 INFO o.a.j.t.JMeterThread: Thread finished: Thread Group 1-53
2024-11-20 15:28:40,670 INFO o.a.j.t.JMeterThread: Thread started: Thread Group 1-54
2024-11-20 15:28:40,683 INFO o.a.j.t.JMeterThread: Thread is done: Thread Group 1-54
2024-11-20 15:28:40,684 INFO o.a.j.t.JMeterThread: Thread finished: Thread Group 1-54
2024-11-20 15:28:40,769 INFO o.a.j.t.JMeterThread: Thread started: Thread Group 1-55
2024-11-20 15:28:40,777 INFO o.a.j.t.JMeterThread: Thread is done: Thread Group 1-55
2024-11-20 15:28:40,777 INFO o.a.j.t.JMeterThread: Thread finished: Thread Group 1-55
2024-11-20 15:28:40,868 INFO o.a.j.t.JMeterThread: Thread started: Thread Group 1-56
2024-11-20 15:28:40,878 INFO o.a.j.t.JMeterThread: Thread is done: Thread Group 1-56
2024-11-20 15:28:40,878 INFO o.a.j.t.JMeterThread: Thread finished: Thread Group 1-56
2024-11-20 15:28:40,968 INFO o.a.j.t.JMeterThread: Thread started: Thread Group 1-57
2024-11-20 15:28:40,980 INFO o.a.j.t.JMeterThread: Thread is done: Thread Group 1-57
2024-11-20 15:28:40,980 INFO o.a.j.t.JMeterThread: Thread finished: Thread Group 1-57
2024-11-20 15:28:41,069 INFO o.a.j.t.JMeterThread: Thread started: Thread Group 1-58
2024-11-20 15:28:41,090 INFO o.a.j.t.JMeterThread: Thread is done: Thread Group 1-58
2024-11-20 15:28:41,090 INFO o.a.j.t.JMeterThread: Thread finished: Thread Group 1-58
2024-11-20 15:28:41,168 INFO o.a.j.t.JMeterThread: Thread started: Thread Group 1-59
2024-11-20 15:28:41,193 INFO o.a.j.t.JMeterThread: Thread is done: Thread Group 1-59
2024-11-20 15:28:41,194 INFO o.a.j.t.JMeterThread: Thread finished: Thread Group 1-59
2024-11-20 15:28:41,270 INFO o.a.j.t.JMeterThread: Thread started: Thread Group 1-60
2024-11-20 15:28:41,285 INFO o.a.j.t.JMeterThread: Thread is done: Thread Group 1-60
2024-11-20 15:28:41,286 INFO o.a.j.t.JMeterThread: Thread finished: Thread Group 1-60
2024-11-20 15:28:41,368 INFO o.a.j.t.JMeterThread: Thread started: Thread Group 1-61
2024-11-20 15:28:41,382 INFO o.a.j.t.JMeterThread: Thread is done: Thread Group 1-61
2024-11-20 15:28:41,382 INFO o.a.j.t.JMeterThread: Thread finished: Thread Group 1-61
2024-11-20 15:28:41,470 INFO o.a.j.t.JMeterThread: Thread started: Thread Group 1-62
2024-11-20 15:28:41,482 INFO o.a.j.t.JMeterThread: Thread is done: Thread Group 1-62
2024-11-20 15:28:41,482 INFO o.a.j.t.JMeterThread: Thread finished: Thread Group 1-62
2024-11-20 15:28:41,569 INFO o.a.j.t.JMeterThread: Thread started: Thread Group 1-63
2024-11-20 15:28:41,579 INFO o.a.j.t.JMeterThread: Thread is done: Thread Group 1-63
2024-11-20 15:28:41,579 INFO o.a.j.t.JMeterThread: Thread finished: Thread Group 1-63
2024-11-20 15:28:41,669 INFO o.a.j.t.JMeterThread: Thread started: Thread Group 1-64
2024-11-20 15:28:41,681 INFO o.a.j.t.JMeterThread: Thread is done: Thread Group 1-64
2024-11-20 15:28:41,681 INFO o.a.j.t.JMeterThread: Thread finished: Thread Group 1-64
2024-11-20 15:28:41,770 INFO o.a.j.t.JMeterThread: Thread started: Thread Group 1-65
2024-11-20 15:28:41,782 INFO o.a.j.t.JMeterThread: Thread is done: Thread Group 1-65
2024-11-20 15:28:41,782 INFO o.a.j.t.JMeterThread: Thread finished: Thread Group 1-65
2024-11-20 15:28:41,870 INFO o.a.j.t.JMeterThread: Thread started: Thread Group 1-66
2024-11-20 15:28:41,879 INFO o.a.j.t.JMeterThread: Thread is done: Thread Group 1-66
2024-11-20 15:28:41,879 INFO o.a.j.t.JMeterThread: Thread finished: Thread Group 1-66
2024-11-20 15:28:41,970 INFO o.a.j.t.JMeterThread: Thread started: Thread Group 1-67
2024-11-20 15:28:41,985 INFO o.a.j.t.JMeterThread: Thread is done: Thread Group 1-67
2024-11-20 15:28:41,986 INFO o.a.j.t.JMeterThread: Thread finished: Thread Group 1-67
2024-11-20 15:28:42,070 INFO o.a.j.t.JMeterThread: Thread started: Thread Group 1-68
2024-11-20 15:28:42,084 INFO o.a.j.t.JMeterThread: Thread is done: Thread Group 1-68
2024-11-20 15:28:42,085 INFO o.a.j.t.JMeterThread: Thread finished: Thread Group 1-68
2024-11-20 15:28:42,169 INFO o.a.j.t.JMeterThread: Thread started: Thread Group 1-69
2024-11-20 15:28:42,187 INFO o.a.j.t.JMeterThread: Thread is done: Thread Group 1-69
2024-11-20 15:28:42,187 INFO o.a.j.t.JMeterThread: Thread finished: Thread Group 1-69
2024-11-20 15:28:42,269 INFO o.a.j.t.JMeterThread: Thread started: Thread Group 1-70
2024-11-20 15:28:42,283 INFO o.a.j.t.JMeterThread: Thread is done: Thread Group 1-70
2024-11-20 15:28:42,284 INFO o.a.j.t.JMeterThread: Thread finished: Thread Group 1-70
2024-11-20 15:28:42,369 INFO o.a.j.t.JMeterThread: Thread started: Thread Group 1-71
2024-11-20 15:28:42,386 INFO o.a.j.t.JMeterThread: Thread is done: Thread Group 1-71
2024-11-20 15:28:42,386 INFO o.a.j.t.JMeterThread: Thread finished: Thread Group 1-71
2024-11-20 15:28:42,470 INFO o.a.j.t.JMeterThread: Thread started: Thread Group 1-72
2024-11-20 15:28:42,478 INFO o.a.j.t.JMeterThread: Thread is done: Thread Group 1-72
2024-11-20 15:28:42,478 INFO o.a.j.t.JMeterThread: Thread finished: Thread Group 1-72
2024-11-20 15:28:42,570 INFO o.a.j.t.JMeterThread: Thread started: Thread Group 1-73
2024-11-20 15:28:42,582 INFO o.a.j.t.JMeterThread: Thread is done: Thread Group 1-73
2024-11-20 15:28:42,583 INFO o.a.j.t.JMeterThread: Thread finished: Thread Group 1-73
2024-11-20 15:28:42,669 INFO o.a.j.t.JMeterThread: Thread started: Thread Group 1-74
2024-11-20 15:28:42,681 INFO o.a.j.t.JMeterThread: Thread is done: Thread Group 1-74
2024-11-20 15:28:42,681 INFO o.a.j.t.JMeterThread: Thread finished: Thread Group 1-74
2024-11-20 15:28:42,769 INFO o.a.j.t.JMeterThread: Thread started: Thread Group 1-75
2024-11-20 15:28:42,785 INFO o.a.j.t.JMeterThread: Thread is done: Thread Group 1-75
2024-11-20 15:28:42,786 INFO o.a.j.t.JMeterThread: Thread finished: Thread Group 1-75
2024-11-20 15:28:42,870 INFO o.a.j.t.JMeterThread: Thread started: Thread Group 1-76
2024-11-20 15:28:42,882 INFO o.a.j.t.JMeterThread: Thread is done: Thread Group 1-76
2024-11-20 15:28:42,882 INFO o.a.j.t.JMeterThread: Thread finished: Thread Group 1-76
2024-11-20 15:28:42,969 INFO o.a.j.t.JMeterThread: Thread started: Thread Group 1-77
2024-11-20 15:28:42,986 INFO o.a.j.t.JMeterThread: Thread is done: Thread Group 1-77
2024-11-20 15:28:42,986 INFO o.a.j.t.JMeterThread: Thread finished: Thread Group 1-77
2024-11-20 15:28:43,068 INFO o.a.j.t.JMeterThread: Thread started: Thread Group 1-78
2024-11-20 15:28:43,082 INFO o.a.j.t.JMeterThread: Thread is done: Thread Group 1-78
2024-11-20 15:28:43,082 INFO o.a.j.t.JMeterThread: Thread finished: Thread Group 1-78
2024-11-20 15:28:43,169 INFO o.a.j.t.JMeterThread: Thread started: Thread Group 1-79
2024-11-20 15:28:43,178 INFO o.a.j.t.JMeterThread: Thread is done: Thread Group 1-79
2024-11-20 15:28:43,178 INFO o.a.j.t.JMeterThread: Thread finished: Thread Group 1-79
2024-11-20 15:28:43,269 INFO o.a.j.t.JMeterThread: Thread started: Thread Group 1-80
2024-11-20 15:28:43,277 INFO o.a.j.t.JMeterThread: Thread is done: Thread Group 1-80
2024-11-20 15:28:43,277 INFO o.a.j.t.JMeterThread: Thread finished: Thread Group 1-80
2024-11-20 15:28:43,369 INFO o.a.j.t.JMeterThread: Thread started: Thread Group 1-81
2024-11-20 15:28:43,377 INFO o.a.j.t.JMeterThread: Thread is done: Thread Group 1-81
2024-11-20 15:28:43,377 INFO o.a.j.t.JMeterThread: Thread finished: Thread Group 1-81
2024-11-20 15:28:43,468 INFO o.a.j.t.JMeterThread: Thread started: Thread Group 1-82
2024-11-20 15:28:43,487 INFO o.a.j.t.JMeterThread: Thread is done: Thread Group 1-82
2024-11-20 15:28:43,487 INFO o.a.j.t.JMeterThread: Thread finished: Thread Group 1-82
2024-11-20 15:28:43,569 INFO o.a.j.t.JMeterThread: Thread started: Thread Group 1-83
2024-11-20 15:28:43,577 INFO o.a.j.t.JMeterThread: Thread is done: Thread Group 1-83
2024-11-20 15:28:43,577 INFO o.a.j.t.JMeterThread: Thread finished: Thread Group 1-83
2024-11-20 15:28:43,671 INFO o.a.j.t.JMeterThread: Thread started: Thread Group 1-84
2024-11-20 15:28:43,690 INFO o.a.j.t.JMeterThread: Thread is done: Thread Group 1-84
2024-11-20 15:28:43,690 INFO o.a.j.t.JMeterThread: Thread finished: Thread Group 1-84
2024-11-20 15:28:43,771 INFO o.a.j.t.JMeterThread: Thread started: Thread Group 1-85
2024-11-20 15:28:43,783 INFO o.a.j.t.JMeterThread: Thread is done: Thread Group 1-85
2024-11-20 15:28:43,783 INFO o.a.j.t.JMeterThread: Thread finished: Thread Group 1-85
2024-11-20 15:28:43,869 INFO o.a.j.t.JMeterThread: Thread started: Thread Group 1-86
2024-11-20 15:28:43,882 INFO o.a.j.t.JMeterThread: Thread is done: Thread Group 1-86
2024-11-20 15:28:43,882 INFO o.a.j.t.JMeterThread: Thread finished: Thread Group 1-86
2024-11-20 15:28:43,969 INFO o.a.j.t.JMeterThread: Thread started: Thread Group 1-87
2024-11-20 15:28:43,981 INFO o.a.j.t.JMeterThread: Thread is done: Thread Group 1-87
2024-11-20 15:28:43,981 INFO o.a.j.t.JMeterThread: Thread finished: Thread Group 1-87
2024-11-20 15:28:44,070 INFO o.a.j.t.JMeterThread: Thread started: Thread Group 1-88
2024-11-20 15:28:44,077 INFO o.a.j.t.JMeterThread: Thread is done: Thread Group 1-88
2024-11-20 15:28:44,078 INFO o.a.j.t.JMeterThread: Thread finished: Thread Group 1-88
2024-11-20 15:28:44,169 INFO o.a.j.t.JMeterThread: Thread started: Thread Group 1-89
2024-11-20 15:28:44,177 INFO o.a.j.t.JMeterThread: Thread is done: Thread Group 1-89
2024-11-20 15:28:44,177 INFO o.a.j.t.JMeterThread: Thread finished: Thread Group 1-89
2024-11-20 15:28:44,271 INFO o.a.j.t.JMeterThread: Thread started: Thread Group 1-90
2024-11-20 15:28:44,279 INFO o.a.j.t.JMeterThread: Thread is done: Thread Group 1-90
2024-11-20 15:28:44,279 INFO o.a.j.t.JMeterThread: Thread finished: Thread Group 1-90
2024-11-20 15:28:44,373 INFO o.a.j.t.JMeterThread: Thread started: Thread Group 1-91
2024-11-20 15:28:44,380 INFO o.a.j.t.JMeterThread: Thread is done: Thread Group 1-91
2024-11-20 15:28:44,380 INFO o.a.j.t.JMeterThread: Thread finished: Thread Group 1-91
2024-11-20 15:28:44,472 INFO o.a.j.t.JMeterThread: Thread started: Thread Group 1-92
2024-11-20 15:28:44,482 INFO o.a.j.t.JMeterThread: Thread is done: Thread Group 1-92
2024-11-20 15:28:44,482 INFO o.a.j.t.JMeterThread: Thread finished: Thread Group 1-92
2024-11-20 15:28:44,570 INFO o.a.j.t.JMeterThread: Thread started: Thread Group 1-93
2024-11-20 15:28:44,582 INFO o.a.j.t.JMeterThread: Thread is done: Thread Group 1-93
2024-11-20 15:28:44,583 INFO o.a.j.t.JMeterThread: Thread finished: Thread Group 1-93
2024-11-20 15:28:44,670 INFO o.a.j.t.JMeterThread: Thread started: Thread Group 1-94
2024-11-20 15:28:44,679 INFO o.a.j.t.JMeterThread: Thread is done: Thread Group 1-94
2024-11-20 15:28:44,679 INFO o.a.j.t.JMeterThread: Thread finished: Thread Group 1-94
2024-11-20 15:28:44,771 INFO o.a.j.t.JMeterThread: Thread started: Thread Group 1-95
2024-11-20 15:28:44,779 INFO o.a.j.t.JMeterThread: Thread is done: Thread Group 1-95
2024-11-20 15:28:44,779 INFO o.a.j.t.JMeterThread: Thread finished: Thread Group 1-95
2024-11-20 15:28:44,870 INFO o.a.j.t.JMeterThread: Thread started: Thread Group 1-96
2024-11-20 15:28:44,877 INFO o.a.j.t.JMeterThread: Thread is done: Thread Group 1-96
2024-11-20 15:28:44,877 INFO o.a.j.t.JMeterThread: Thread finished: Thread Group 1-96
2024-11-20 15:28:44,969 INFO o.a.j.t.JMeterThread: Thread started: Thread Group 1-97
2024-11-20 15:28:44,981 INFO o.a.j.t.JMeterThread: Thread is done: Thread Group 1-97
2024-11-20 15:28:44,981 INFO o.a.j.t.JMeterThread: Thread finished: Thread Group 1-97
2024-11-20 15:28:45,073 INFO o.a.j.t.JMeterThread: Thread started: Thread Group 1-98
2024-11-20 15:28:45,085 INFO o.a.j.t.JMeterThread: Thread is done: Thread Group 1-98
2024-11-20 15:28:45,085 INFO o.a.j.t.JMeterThread: Thread finished: Thread Group 1-98
2024-11-20 15:28:45,170 INFO o.a.j.t.JMeterThread: Thread started: Thread Group 1-99
2024-11-20 15:28:45,180 INFO o.a.j.t.JMeterThread: Thread is done: Thread Group 1-99
2024-11-20 15:28:45,180 INFO o.a.j.t.JMeterThread: Thread finished: Thread Group 1-99
2024-11-20 15:28:45,270 INFO o.a.j.t.JMeterThread: Thread started: Thread Group 1-100
2024-11-20 15:28:45,279 INFO o.a.j.t.JMeterThread: Thread is done: Thread Group 1-100
2024-11-20 15:28:45,279 INFO o.a.j.t.JMeterThread: Thread finished: Thread Group 1-100
2024-11-20 15:28:45,279 INFO o.a.j.e.StandardJMeterEngine: Notifying test listeners of end of test
2024-11-20 15:28:45,280 INFO o.a.j.g.u.JMeterMenuBar: setRunning(false, *local*)
2024-11-20 15:28:59,311 INFO o.a.j.e.StandardJMeterEngine: Running the test!
2024-11-20 15:28:59,311 INFO o.a.j.s.SampleEvent: List of sample_variables: []
2024-11-20 15:28:59,314 INFO o.a.j.g.u.JMeterMenuBar: setRunning(true, *local*)
2024-11-20 15:28:59,357 INFO o.a.j.e.StandardJMeterEngine: Starting ThreadGroup: 1 : Thread Group
2024-11-20 15:28:59,358 INFO o.a.j.e.StandardJMeterEngine: Starting 100 threads for group Thread Group.
2024-11-20 15:28:59,358 INFO o.a.j.e.StandardJMeterEngine: Thread will continue on error
2024-11-20 15:28:59,358 INFO o.a.j.t.ThreadGroup: Starting thread group... number=1 threads=100 ramp-up=10 delayedStart=false
2024-11-20 15:28:59,359 INFO o.a.j.t.JMeterThread: Thread started: Thread Group 1-1
2024-11-20 15:28:59,425 INFO o.a.j.t.ThreadGroup: Started thread group number 1
2024-11-20 15:28:59,426 INFO o.a.j.e.StandardJMeterEngine: All thread groups have been started
2024-11-20 15:28:59,459 INFO o.a.j.t.JMeterThread: Thread started: Thread Group 1-2
2024-11-20 15:28:59,560 INFO o.a.j.t.JMeterThread: Thread started: Thread Group 1-3
2024-11-20 15:28:59,636 INFO o.a.j.t.JMeterThread: Thread is done: Thread Group 1-1
2024-11-20 15:28:59,636 INFO o.a.j.t.JMeterThread: Thread finished: Thread Group 1-1
2024-11-20 15:28:59,659 INFO o.a.j.t.JMeterThread: Thread started: Thread Group 1-4
2024-11-20 15:28:59,759 INFO o.a.j.t.JMeterThread: Thread started: Thread Group 1-5
2024-11-20 15:28:59,788 INFO o.a.j.t.JMeterThread: Thread is done: Thread Group 1-2
2024-11-20 15:28:59,788 INFO o.a.j.t.JMeterThread: Thread finished: Thread Group 1-2
2024-11-20 15:28:59,859 INFO o.a.j.t.JMeterThread: Thread started: Thread Group 1-6
2024-11-20 15:28:59,938 INFO o.a.j.t.JMeterThread: Thread is done: Thread Group 1-3
2024-11-20 15:28:59,938 INFO o.a.j.t.JMeterThread: Thread finished: Thread Group 1-3
2024-11-20 15:28:59,959 INFO o.a.j.t.JMeterThread: Thread started: Thread Group 1-7
2024-11-20 15:29:00,061 INFO o.a.j.t.JMeterThread: Thread started: Thread Group 1-8
2024-11-20 15:29:00,087 INFO o.a.j.t.JMeterThread: Thread is done: Thread Group 1-4
2024-11-20 15:29:00,087 INFO o.a.j.t.JMeterThread: Thread finished: Thread Group 1-4
2024-11-20 15:29:00,162 INFO o.a.j.t.JMeterThread: Thread started: Thread Group 1-9
2024-11-20 15:29:00,206 INFO o.a.j.t.JMeterThread: Thread is done: Thread Group 1-5
2024-11-20 15:29:00,206 INFO o.a.j.t.JMeterThread: Thread finished: Thread Group 1-5
2024-11-20 15:29:00,263 INFO o.a.j.t.JMeterThread: Thread started: Thread Group 1-10
2024-11-20 15:29:00,359 INFO o.a.j.t.JMeterThread: Thread started: Thread Group 1-11
2024-11-20 15:29:00,366 INFO o.a.j.t.JMeterThread: Thread is done: Thread Group 1-6
2024-11-20 15:29:00,366 INFO o.a.j.t.JMeterThread: Thread finished: Thread Group 1-6
2024-11-20 15:29:00,459 INFO o.a.j.t.JMeterThread: Thread started: Thread Group 1-12
2024-11-20 15:29:00,514 INFO o.a.j.t.JMeterThread: Thread is done: Thread Group 1-7
2024-11-20 15:29:00,514 INFO o.a.j.t.JMeterThread: Thread finished: Thread Group 1-7
2024-11-20 15:29:00,559 INFO o.a.j.t.JMeterThread: Thread started: Thread Group 1-13
2024-11-20 15:29:00,660 INFO o.a.j.t.JMeterThread: Thread started: Thread Group 1-14
2024-11-20 15:29:00,727 INFO o.a.j.t.JMeterThread: Thread is done: Thread Group 1-8
2024-11-20 15:29:00,727 INFO o.a.j.t.JMeterThread: Thread finished: Thread Group 1-8
2024-11-20 15:29:00,759 INFO o.a.j.t.JMeterThread: Thread started: Thread Group 1-15
2024-11-20 15:29:00,859 INFO o.a.j.t.JMeterThread: Thread started: Thread Group 1-16
2024-11-20 15:29:00,926 INFO o.a.j.t.JMeterThread: Thread is done: Thread Group 1-9
2024-11-20 15:29:00,927 INFO o.a.j.t.JMeterThread: Thread finished: Thread Group 1-9
2024-11-20 15:29:00,960 INFO o.a.j.t.JMeterThread: Thread started: Thread Group 1-17
2024-11-20 15:29:01,059 INFO o.a.j.t.JMeterThread: Thread started: Thread Group 1-18
2024-11-20 15:29:01,082 INFO o.a.j.t.JMeterThread: Thread is done: Thread Group 1-10
2024-11-20 15:29:01,082 INFO o.a.j.t.JMeterThread: Thread finished: Thread Group 1-10
2024-11-20 15:29:01,159 INFO o.a.j.t.JMeterThread: Thread started: Thread Group 1-19
2024-11-20 15:29:01,210 INFO o.a.j.t.JMeterThread: Thread is done: Thread Group 1-11
2024-11-20 15:29:01,210 INFO o.a.j.t.JMeterThread: Thread finished: Thread Group 1-11
2024-11-20 15:29:01,259 INFO o.a.j.t.JMeterThread: Thread started: Thread Group 1-20
2024-11-20 15:29:01,360 INFO o.a.j.t.JMeterThread: Thread started: Thread Group 1-21
2024-11-20 15:29:01,378 INFO o.a.j.t.JMeterThread: Thread is done: Thread Group 1-12
2024-11-20 15:29:01,378 INFO o.a.j.t.JMeterThread: Thread finished: Thread Group 1-12
2024-11-20 15:29:01,460 INFO o.a.j.t.JMeterThread: Thread started: Thread Group 1-22
2024-11-20 15:29:01,506 INFO o.a.j.t.JMeterThread: Thread is done: Thread Group 1-13
2024-11-20 15:29:01,506 INFO o.a.j.t.JMeterThread: Thread finished: Thread Group 1-13
2024-11-20 15:29:01,559 INFO o.a.j.t.JMeterThread: Thread started: Thread Group 1-23
2024-11-20 15:29:01,622 INFO o.a.j.t.JMeterThread: Thread is done: Thread Group 1-14
2024-11-20 15:29:01,622 INFO o.a.j.t.JMeterThread: Thread finished: Thread Group 1-14
2024-11-20 15:29:01,660 INFO o.a.j.t.JMeterThread: Thread started: Thread Group 1-24
2024-11-20 15:29:01,759 INFO o.a.j.t.JMeterThread: Thread started: Thread Group 1-25
2024-11-20 15:29:01,770 INFO o.a.j.t.JMeterThread: Thread is done: Thread Group 1-15
2024-11-20 15:29:01,771 INFO o.a.j.t.JMeterThread: Thread finished: Thread Group 1-15
2024-11-20 15:29:01,859 INFO o.a.j.t.JMeterThread: Thread started: Thread Group 1-26
2024-11-20 15:29:01,959 INFO o.a.j.t.JMeterThread: Thread started: Thread Group 1-27
2024-11-20 15:29:01,969 INFO o.a.j.t.JMeterThread: Thread is done: Thread Group 1-16
2024-11-20 15:29:01,969 INFO o.a.j.t.JMeterThread: Thread finished: Thread Group 1-16
2024-11-20 15:29:01,994 INFO o.a.j.t.JMeterThread: Thread is done: Thread Group 1-17
2024-11-20 15:29:01,994 INFO o.a.j.t.JMeterThread: Thread finished: Thread Group 1-17
2024-11-20 15:29:02,060 INFO o.a.j.t.JMeterThread: Thread started: Thread Group 1-28
2024-11-20 15:29:02,160 INFO o.a.j.t.JMeterThread: Thread started: Thread Group 1-29
2024-11-20 15:29:02,260 INFO o.a.j.t.JMeterThread: Thread started: Thread Group 1-30
2024-11-20 15:29:02,295 INFO o.a.j.t.JMeterThread: Thread is done: Thread Group 1-18
2024-11-20 15:29:02,295 INFO o.a.j.t.JMeterThread: Thread finished: Thread Group 1-18
2024-11-20 15:29:02,346 INFO o.a.j.t.JMeterThread: Thread is done: Thread Group 1-19
2024-11-20 15:29:02,347 INFO o.a.j.t.JMeterThread: Thread finished: Thread Group 1-19
2024-11-20 15:29:02,359 INFO o.a.j.t.JMeterThread: Thread started: Thread Group 1-31
2024-11-20 15:29:02,460 INFO o.a.j.t.JMeterThread: Thread started: Thread Group 1-32
2024-11-20 15:29:02,532 INFO o.a.j.t.JMeterThread: Thread is done: Thread Group 1-20
2024-11-20 15:29:02,532 INFO o.a.j.t.JMeterThread: Thread finished: Thread Group 1-20
2024-11-20 15:29:02,560 INFO o.a.j.t.JMeterThread: Thread started: Thread Group 1-33
2024-11-20 15:29:02,660 INFO o.a.j.t.JMeterThread: Thread started: Thread Group 1-34
2024-11-20 15:29:02,728 INFO o.a.j.t.JMeterThread: Thread is done: Thread Group 1-21
2024-11-20 15:29:02,729 INFO o.a.j.t.JMeterThread: Thread finished: Thread Group 1-21
2024-11-20 15:29:02,761 INFO o.a.j.t.JMeterThread: Thread started: Thread Group 1-35
2024-11-20 15:29:02,861 INFO o.a.j.t.JMeterThread: Thread started: Thread Group 1-36
2024-11-20 15:29:02,872 INFO o.a.j.t.JMeterThread: Thread is done: Thread Group 1-22
2024-11-20 15:29:02,872 INFO o.a.j.t.JMeterThread: Thread finished: Thread Group 1-22
2024-11-20 15:29:02,961 INFO o.a.j.t.JMeterThread: Thread started: Thread Group 1-37
2024-11-20 15:29:02,991 INFO o.a.j.t.JMeterThread: Thread is done: Thread Group 1-23
2024-11-20 15:29:02,991 INFO o.a.j.t.JMeterThread: Thread finished: Thread Group 1-23
2024-11-20 15:29:03,060 INFO o.a.j.t.JMeterThread: Thread started: Thread Group 1-38
2024-11-20 15:29:03,102 INFO o.a.j.t.JMeterThread: Thread is done: Thread Group 1-24
2024-11-20 15:29:03,102 INFO o.a.j.t.JMeterThread: Thread finished: Thread Group 1-24
2024-11-20 15:29:03,161 INFO o.a.j.t.JMeterThread: Thread started: Thread Group 1-39
2024-11-20 15:29:03,259 INFO o.a.j.t.JMeterThread: Thread is done: Thread Group 1-25
2024-11-20 15:29:03,259 INFO o.a.j.t.JMeterThread: Thread finished: Thread Group 1-25
2024-11-20 15:29:03,261 INFO o.a.j.t.JMeterThread: Thread started: Thread Group 1-40
2024-11-20 15:29:03,360 INFO o.a.j.t.JMeterThread: Thread started: Thread Group 1-41
2024-11-20 15:29:03,404 INFO o.a.j.t.JMeterThread: Thread is done: Thread Group 1-26
2024-11-20 15:29:03,404 INFO o.a.j.t.JMeterThread: Thread finished: Thread Group 1-26
2024-11-20 15:29:03,460 INFO o.a.j.t.JMeterThread: Thread started: Thread Group 1-42
2024-11-20 15:29:03,560 INFO o.a.j.t.JMeterThread: Thread started: Thread Group 1-43
2024-11-20 15:29:03,614 INFO o.a.j.t.JMeterThread: Thread is done: Thread Group 1-27
2024-11-20 15:29:03,614 INFO o.a.j.t.JMeterThread: Thread finished: Thread Group 1-27
2024-11-20 15:29:03,661 INFO o.a.j.t.JMeterThread: Thread started: Thread Group 1-44
2024-11-20 15:29:03,733 INFO o.a.j.t.JMeterThread: Thread is done: Thread Group 1-28
2024-11-20 15:29:03,733 INFO o.a.j.t.JMeterThread: Thread finished: Thread Group 1-28
2024-11-20 15:29:03,760 INFO o.a.j.t.JMeterThread: Thread started: Thread Group 1-45
2024-11-20 15:29:03,861 INFO o.a.j.t.JMeterThread: Thread started: Thread Group 1-46
2024-11-20 15:29:03,915 INFO o.a.j.t.JMeterThread: Thread is done: Thread Group 1-29
2024-11-20 15:29:03,915 INFO o.a.j.t.JMeterThread: Thread finished: Thread Group 1-29
2024-11-20 15:29:03,959 INFO o.a.j.t.JMeterThread: Thread started: Thread Group 1-47
2024-11-20 15:29:03,978 INFO o.a.j.t.JMeterThread: Thread is done: Thread Group 1-30
2024-11-20 15:29:03,978 INFO o.a.j.t.JMeterThread: Thread finished: Thread Group 1-30
2024-11-20 15:29:04,059 INFO o.a.j.t.JMeterThread: Thread started: Thread Group 1-48
2024-11-20 15:29:04,114 INFO o.a.j.t.JMeterThread: Thread is done: Thread Group 1-31
2024-11-20 15:29:04,114 INFO o.a.j.t.JMeterThread: Thread finished: Thread Group 1-31
2024-11-20 15:29:04,159 INFO o.a.j.t.JMeterThread: Thread started: Thread Group 1-49
2024-11-20 15:29:04,259 INFO o.a.j.t.JMeterThread: Thread started: Thread Group 1-50
2024-11-20 15:29:04,271 INFO o.a.j.t.JMeterThread: Thread is done: Thread Group 1-32
2024-11-20 15:29:04,271 INFO o.a.j.t.JMeterThread: Thread finished: Thread Group 1-32
2024-11-20 15:29:04,358 INFO o.a.j.t.JMeterThread: Thread started: Thread Group 1-51
2024-11-20 15:29:04,459 INFO o.a.j.t.JMeterThread: Thread started: Thread Group 1-52
2024-11-20 15:29:04,464 INFO o.a.j.t.JMeterThread: Thread is done: Thread Group 1-33
2024-11-20 15:29:04,464 INFO o.a.j.t.JMeterThread: Thread finished: Thread Group 1-33
2024-11-20 15:29:04,559 INFO o.a.j.t.JMeterThread: Thread started: Thread Group 1-53
2024-11-20 15:29:04,630 INFO o.a.j.t.JMeterThread: Thread is done: Thread Group 1-34
2024-11-20 15:29:04,630 INFO o.a.j.t.JMeterThread: Thread finished: Thread Group 1-34
2024-11-20 15:29:04,660 INFO o.a.j.t.JMeterThread: Thread started: Thread Group 1-54
2024-11-20 15:29:04,760 INFO o.a.j.t.JMeterThread: Thread started: Thread Group 1-55
2024-11-20 15:29:04,773 INFO o.a.j.t.JMeterThread: Thread is done: Thread Group 1-35
2024-11-20 15:29:04,773 INFO o.a.j.t.JMeterThread: Thread finished: Thread Group 1-35
2024-11-20 15:29:04,861 INFO o.a.j.t.JMeterThread: Thread started: Thread Group 1-56
2024-11-20 15:29:04,961 INFO o.a.j.t.JMeterThread: Thread started: Thread Group 1-57
2024-11-20 15:29:05,040 INFO o.a.j.t.JMeterThread: Thread is done: Thread Group 1-36
2024-11-20 15:29:05,040 INFO o.a.j.t.JMeterThread: Thread finished: Thread Group 1-36
2024-11-20 15:29:05,059 INFO o.a.j.t.JMeterThread: Thread started: Thread Group 1-58
2024-11-20 15:29:05,159 INFO o.a.j.t.JMeterThread: Thread started: Thread Group 1-59
2024-11-20 15:29:05,193 INFO o.a.j.t.JMeterThread: Thread is done: Thread Group 1-37
2024-11-20 15:29:05,194 INFO o.a.j.t.JMeterThread: Thread finished: Thread Group 1-37
2024-11-20 15:29:05,260 INFO o.a.j.t.JMeterThread: Thread started: Thread Group 1-60
2024-11-20 15:29:05,360 INFO o.a.j.t.JMeterThread: Thread started: Thread Group 1-61
2024-11-20 15:29:05,375 INFO o.a.j.t.JMeterThread: Thread is done: Thread Group 1-38
2024-11-20 15:29:05,375 INFO o.a.j.t.JMeterThread: Thread finished: Thread Group 1-38
2024-11-20 15:29:05,460 INFO o.a.j.t.JMeterThread: Thread started: Thread Group 1-62
2024-11-20 15:29:05,560 INFO o.a.j.t.JMeterThread: Thread started: Thread Group 1-63
2024-11-20 15:29:05,574 INFO o.a.j.t.JMeterThread: Thread is done: Thread Group 1-39
2024-11-20 15:29:05,574 INFO o.a.j.t.JMeterThread: Thread finished: Thread Group 1-39
2024-11-20 15:29:05,660 INFO o.a.j.t.JMeterThread: Thread started: Thread Group 1-64
2024-11-20 15:29:05,691 INFO o.a.j.t.JMeterThread: Thread is done: Thread Group 1-40
2024-11-20 15:29:05,691 INFO o.a.j.t.JMeterThread: Thread finished: Thread Group 1-40
2024-11-20 15:29:05,760 INFO o.a.j.t.JMeterThread: Thread started: Thread Group 1-65
2024-11-20 15:29:05,860 INFO o.a.j.t.JMeterThread: Thread started: Thread Group 1-66
2024-11-20 15:29:05,891 INFO o.a.j.t.JMeterThread: Thread is done: Thread Group 1-41
2024-11-20 15:29:05,891 INFO o.a.j.t.JMeterThread: Thread finished: Thread Group 1-41
2024-11-20 15:29:05,960 INFO o.a.j.t.JMeterThread: Thread started: Thread Group 1-67
2024-11-20 15:29:06,060 INFO o.a.j.t.JMeterThread: Thread started: Thread Group 1-68
2024-11-20 15:29:06,061 INFO o.a.j.t.JMeterThread: Thread is done: Thread Group 1-42
2024-11-20 15:29:06,061 INFO o.a.j.t.JMeterThread: Thread finished: Thread Group 1-42
2024-11-20 15:29:06,095 INFO o.a.j.t.JMeterThread: Thread is done: Thread Group 1-43
2024-11-20 15:29:06,095 INFO o.a.j.t.JMeterThread: Thread finished: Thread Group 1-43
2024-11-20 15:29:06,160 INFO o.a.j.t.JMeterThread: Thread started: Thread Group 1-69
2024-11-20 15:29:06,260 INFO o.a.j.t.JMeterThread: Thread started: Thread Group 1-70
2024-11-20 15:29:06,340 INFO o.a.j.t.JMeterThread: Thread is done: Thread Group 1-44
2024-11-20 15:29:06,340 INFO o.a.j.t.JMeterThread: Thread finished: Thread Group 1-44
2024-11-20 15:29:06,360 INFO o.a.j.t.JMeterThread: Thread started: Thread Group 1-71
2024-11-20 15:29:06,460 INFO o.a.j.t.JMeterThread: Thread started: Thread Group 1-72
2024-11-20 15:29:06,506 INFO o.a.j.t.JMeterThread: Thread is done: Thread Group 1-45
2024-11-20 15:29:06,506 INFO o.a.j.t.JMeterThread: Thread finished: Thread Group 1-45
2024-11-20 15:29:06,560 INFO o.a.j.t.JMeterThread: Thread started: Thread Group 1-73
2024-11-20 15:29:06,643 INFO o.a.j.t.JMeterThread: Thread is done: Thread Group 1-46
2024-11-20 15:29:06,644 INFO o.a.j.t.JMeterThread: Thread finished: Thread Group 1-46
2024-11-20 15:29:06,661 INFO o.a.j.t.JMeterThread: Thread started: Thread Group 1-74
2024-11-20 15:29:06,761 INFO o.a.j.t.JMeterThread: Thread started: Thread Group 1-75
2024-11-20 15:29:06,804 INFO o.a.j.t.JMeterThread: Thread is done: Thread Group 1-47
2024-11-20 15:29:06,804 INFO o.a.j.t.JMeterThread: Thread finished: Thread Group 1-47
2024-11-20 15:29:06,860 INFO o.a.j.t.JMeterThread: Thread started: Thread Group 1-76
2024-11-20 15:29:06,952 INFO o.a.j.t.JMeterThread: Thread is done: Thread Group 1-48
2024-11-20 15:29:06,952 INFO o.a.j.t.JMeterThread: Thread finished: Thread Group 1-48
2024-11-20 15:29:06,961 INFO o.a.j.t.JMeterThread: Thread started: Thread Group 1-77
2024-11-20 15:29:07,060 INFO o.a.j.t.JMeterThread: Thread started: Thread Group 1-78
2024-11-20 15:29:07,076 INFO o.a.j.t.JMeterThread: Thread is done: Thread Group 1-49
2024-11-20 15:29:07,076 INFO o.a.j.t.JMeterThread: Thread finished: Thread Group 1-49
2024-11-20 15:29:07,161 INFO o.a.j.t.JMeterThread: Thread started: Thread Group 1-79
2024-11-20 15:29:07,226 INFO o.a.j.t.JMeterThread: Thread is done: Thread Group 1-50
2024-11-20 15:29:07,226 INFO o.a.j.t.JMeterThread: Thread finished: Thread Group 1-50
2024-11-20 15:29:07,260 INFO o.a.j.t.JMeterThread: Thread started: Thread Group 1-80
2024-11-20 15:29:07,361 INFO o.a.j.t.JMeterThread: Thread started: Thread Group 1-81
2024-11-20 15:29:07,383 INFO o.a.j.t.JMeterThread: Thread is done: Thread Group 1-51
2024-11-20 15:29:07,383 INFO o.a.j.t.JMeterThread: Thread finished: Thread Group 1-51
2024-11-20 15:29:07,459 INFO o.a.j.t.JMeterThread: Thread started: Thread Group 1-82
2024-11-20 15:29:07,561 INFO o.a.j.t.JMeterThread: Thread started: Thread Group 1-83
2024-11-20 15:29:07,661 INFO o.a.j.t.JMeterThread: Thread started: Thread Group 1-84
2024-11-20 15:29:07,695 INFO o.a.j.t.JMeterThread: Thread is done: Thread Group 1-52
2024-11-20 15:29:07,695 INFO o.a.j.t.JMeterThread: Thread finished: Thread Group 1-52
2024-11-20 15:29:07,759 INFO o.a.j.t.JMeterThread: Thread started: Thread Group 1-85
2024-11-20 15:29:07,830 INFO o.a.j.t.JMeterThread: Thread is done: Thread Group 1-53
2024-11-20 15:29:07,831 INFO o.a.j.t.JMeterThread: Thread finished: Thread Group 1-53
2024-11-20 15:29:07,860 INFO o.a.j.t.JMeterThread: Thread started: Thread Group 1-86
2024-11-20 15:29:07,959 INFO o.a.j.t.JMeterThread: Thread started: Thread Group 1-87
2024-11-20 15:29:07,963 INFO o.a.j.t.JMeterThread: Thread is done: Thread Group 1-54
2024-11-20 15:29:07,963 INFO o.a.j.t.JMeterThread: Thread finished: Thread Group 1-54
2024-11-20 15:29:08,060 INFO o.a.j.t.JMeterThread: Thread started: Thread Group 1-88
2024-11-20 15:29:08,135 INFO o.a.j.t.JMeterThread: Thread is done: Thread Group 1-55
2024-11-20 15:29:08,135 INFO o.a.j.t.JMeterThread: Thread finished: Thread Group 1-55
2024-11-20 15:29:08,159 INFO o.a.j.t.JMeterThread: Thread started: Thread Group 1-89
2024-11-20 15:29:08,259 INFO o.a.j.t.JMeterThread: Thread started: Thread Group 1-90
2024-11-20 15:29:08,272 INFO o.a.j.t.JMeterThread: Thread is done: Thread Group 1-56
2024-11-20 15:29:08,272 INFO o.a.j.t.JMeterThread: Thread finished: Thread Group 1-56
2024-11-20 15:29:08,317 INFO o.a.j.t.JMeterThread: Thread is done: Thread Group 1-57
2024-11-20 15:29:08,317 INFO o.a.j.t.JMeterThread: Thread finished: Thread Group 1-57
2024-11-20 15:29:08,360 INFO o.a.j.t.JMeterThread: Thread started: Thread Group 1-91
2024-11-20 15:29:08,449 INFO o.a.j.t.JMeterThread: Thread is done: Thread Group 1-58
2024-11-20 15:29:08,449 INFO o.a.j.t.JMeterThread: Thread finished: Thread Group 1-58
2024-11-20 15:29:08,460 INFO o.a.j.t.JMeterThread: Thread started: Thread Group 1-92
2024-11-20 15:29:08,560 INFO o.a.j.t.JMeterThread: Thread started: Thread Group 1-93
2024-11-20 15:29:08,626 INFO o.a.j.t.JMeterThread: Thread is done: Thread Group 1-59
2024-11-20 15:29:08,627 INFO o.a.j.t.JMeterThread: Thread finished: Thread Group 1-59
2024-11-20 15:29:08,660 INFO o.a.j.t.JMeterThread: Thread started: Thread Group 1-94
2024-11-20 15:29:08,746 INFO o.a.j.t.JMeterThread: Thread is done: Thread Group 1-60
2024-11-20 15:29:08,746 INFO o.a.j.t.JMeterThread: Thread finished: Thread Group 1-60
2024-11-20 15:29:08,760 INFO o.a.j.t.JMeterThread: Thread started: Thread Group 1-95
2024-11-20 15:29:08,859 INFO o.a.j.t.JMeterThread: Thread started: Thread Group 1-96
2024-11-20 15:29:08,959 INFO o.a.j.t.JMeterThread: Thread started: Thread Group 1-97
2024-11-20 15:29:09,056 INFO o.a.j.t.JMeterThread: Thread is done: Thread Group 1-61
2024-11-20 15:29:09,056 INFO o.a.j.t.JMeterThread: Thread finished: Thread Group 1-61
2024-11-20 15:29:09,060 INFO o.a.j.t.JMeterThread: Thread started: Thread Group 1-98
2024-11-20 15:29:09,160 INFO o.a.j.t.JMeterThread: Thread started: Thread Group 1-99
2024-11-20 15:29:09,181 INFO o.a.j.t.JMeterThread: Thread is done: Thread Group 1-62
2024-11-20 15:29:09,181 INFO o.a.j.t.JMeterThread: Thread finished: Thread Group 1-62
2024-11-20 15:29:09,259 INFO o.a.j.t.JMeterThread: Thread started: Thread Group 1-100
2024-11-20 15:29:09,336 INFO o.a.j.t.JMeterThread: Thread is done: Thread Group 1-63
2024-11-20 15:29:09,336 INFO o.a.j.t.JMeterThread: Thread finished: Thread Group 1-63
2024-11-20 15:29:09,562 INFO o.a.j.t.JMeterThread: Thread is done: Thread Group 1-64
2024-11-20 15:29:09,562 INFO o.a.j.t.JMeterThread: Thread finished: Thread Group 1-64
2024-11-20 15:29:09,727 INFO o.a.j.t.JMeterThread: Thread is done: Thread Group 1-65
2024-11-20 15:29:09,727 INFO o.a.j.t.JMeterThread: Thread finished: Thread Group 1-65
2024-11-20 15:29:09,906 INFO o.a.j.t.JMeterThread: Thread is done: Thread Group 1-66
2024-11-20 15:29:09,907 INFO o.a.j.t.JMeterThread: Thread finished: Thread Group 1-66
2024-11-20 15:29:10,054 INFO o.a.j.t.JMeterThread: Thread is done: Thread Group 1-67
2024-11-20 15:29:10,054 INFO o.a.j.t.JMeterThread: Thread finished: Thread Group 1-67
2024-11-20 15:29:10,191 INFO o.a.j.t.JMeterThread: Thread is done: Thread Group 1-68
2024-11-20 15:29:10,191 INFO o.a.j.t.JMeterThread: Thread finished: Thread Group 1-68
2024-11-20 15:29:10,318 INFO o.a.j.t.JMeterThread: Thread is done: Thread Group 1-69
2024-11-20 15:29:10,318 INFO o.a.j.t.JMeterThread: Thread finished: Thread Group 1-69
2024-11-20 15:29:10,455 INFO o.a.j.t.JMeterThread: Thread is done: Thread Group 1-70
2024-11-20 15:29:10,455 INFO o.a.j.t.JMeterThread: Thread finished: Thread Group 1-70
2024-11-20 15:29:10,529 INFO o.a.j.t.JMeterThread: Thread is done: Thread Group 1-71
2024-11-20 15:29:10,529 INFO o.a.j.t.JMeterThread: Thread finished: Thread Group 1-71
2024-11-20 15:29:10,665 INFO o.a.j.t.JMeterThread: Thread is done: Thread Group 1-72
2024-11-20 15:29:10,665 INFO o.a.j.t.JMeterThread: Thread finished: Thread Group 1-72
2024-11-20 15:29:10,793 INFO o.a.j.t.JMeterThread: Thread is done: Thread Group 1-73
2024-11-20 15:29:10,793 INFO o.a.j.t.JMeterThread: Thread finished: Thread Group 1-73
2024-11-20 15:29:10,912 INFO o.a.j.t.JMeterThread: Thread is done: Thread Group 1-74
2024-11-20 15:29:10,912 INFO o.a.j.t.JMeterThread: Thread finished: Thread Group 1-74
2024-11-20 15:29:11,049 INFO o.a.j.t.JMeterThread: Thread is done: Thread Group 1-75
2024-11-20 15:29:11,049 INFO o.a.j.t.JMeterThread: Thread finished: Thread Group 1-75
2024-11-20 15:29:11,138 INFO o.a.j.t.JMeterThread: Thread is done: Thread Group 1-76
2024-11-20 15:29:11,139 INFO o.a.j.t.JMeterThread: Thread finished: Thread Group 1-76
2024-11-20 15:29:11,231 INFO o.a.j.t.JMeterThread: Thread is done: Thread Group 1-77
2024-11-20 15:29:11,231 INFO o.a.j.t.JMeterThread: Thread finished: Thread Group 1-77
2024-11-20 15:29:11,312 INFO o.a.j.t.JMeterThread: Thread is done: Thread Group 1-78
2024-11-20 15:29:11,312 INFO o.a.j.t.JMeterThread: Thread finished: Thread Group 1-78
2024-11-20 15:29:11,379 INFO o.a.j.t.JMeterThread: Thread is done: Thread Group 1-79
2024-11-20 15:29:11,379 INFO o.a.j.t.JMeterThread: Thread finished: Thread Group 1-79
2024-11-20 15:29:11,468 INFO o.a.j.t.JMeterThread: Thread is done: Thread Group 1-80
2024-11-20 15:29:11,469 INFO o.a.j.t.JMeterThread: Thread finished: Thread Group 1-80
2024-11-20 15:29:11,535 INFO o.a.j.t.JMeterThread: Thread is done: Thread Group 1-81
2024-11-20 15:29:11,535 INFO o.a.j.t.JMeterThread: Thread finished: Thread Group 1-81
2024-11-20 15:29:11,579 INFO o.a.j.t.JMeterThread: Thread is done: Thread Group 1-82
2024-11-20 15:29:11,579 INFO o.a.j.t.JMeterThread: Thread finished: Thread Group 1-82
2024-11-20 15:29:11,625 INFO o.a.j.t.JMeterThread: Thread is done: Thread Group 1-83
2024-11-20 15:29:11,625 INFO o.a.j.t.JMeterThread: Thread finished: Thread Group 1-83
2024-11-20 15:29:11,635 INFO o.a.j.t.JMeterThread: Thread is done: Thread Group 1-84
2024-11-20 15:29:11,635 INFO o.a.j.t.JMeterThread: Thread finished: Thread Group 1-84
2024-11-20 15:29:11,696 INFO o.a.j.t.JMeterThread: Thread is done: Thread Group 1-85
2024-11-20 15:29:11,696 INFO o.a.j.t.JMeterThread: Thread finished: Thread Group 1-85
2024-11-20 15:29:11,808 INFO o.a.j.t.JMeterThread: Thread is done: Thread Group 1-86
2024-11-20 15:29:11,808 INFO o.a.j.t.JMeterThread: Thread finished: Thread Group 1-86
2024-11-20 15:29:11,866 INFO o.a.j.t.JMeterThread: Thread is done: Thread Group 1-87
2024-11-20 15:29:11,866 INFO o.a.j.t.JMeterThread: Thread finished: Thread Group 1-87
2024-11-20 15:29:11,914 INFO o.a.j.t.JMeterThread: Thread is done: Thread Group 1-88
2024-11-20 15:29:11,914 INFO o.a.j.t.JMeterThread: Thread finished: Thread Group 1-88
2024-11-20 15:29:11,969 INFO o.a.j.t.JMeterThread: Thread is done: Thread Group 1-89
2024-11-20 15:29:11,969 INFO o.a.j.t.JMeterThread: Thread finished: Thread Group 1-89
2024-11-20 15:29:12,003 INFO o.a.j.t.JMeterThread: Thread is done: Thread Group 1-90
2024-11-20 15:29:12,003 INFO o.a.j.t.JMeterThread: Thread finished: Thread Group 1-90
2024-11-20 15:29:12,037 INFO o.a.j.t.JMeterThread: Thread is done: Thread Group 1-91
2024-11-20 15:29:12,038 INFO o.a.j.t.JMeterThread: Thread finished: Thread Group 1-91
2024-11-20 15:29:12,071 INFO o.a.j.t.JMeterThread: Thread is done: Thread Group 1-92
2024-11-20 15:29:12,071 INFO o.a.j.t.JMeterThread: Thread finished: Thread Group 1-92
2024-11-20 15:29:12,105 INFO o.a.j.t.JMeterThread: Thread is done: Thread Group 1-93
2024-11-20 15:29:12,105 INFO o.a.j.t.JMeterThread: Thread finished: Thread Group 1-93
2024-11-20 15:29:12,128 INFO o.a.j.t.JMeterThread: Thread is done: Thread Group 1-94
2024-11-20 15:29:12,128 INFO o.a.j.t.JMeterThread: Thread finished: Thread Group 1-94
2024-11-20 15:29:12,151 INFO o.a.j.t.JMeterThread: Thread is done: Thread Group 1-95
2024-11-20 15:29:12,151 INFO o.a.j.t.JMeterThread: Thread finished: Thread Group 1-95
2024-11-20 15:29:12,163 INFO o.a.j.t.JMeterThread: Thread is done: Thread Group 1-96
2024-11-20 15:29:12,163 INFO o.a.j.t.JMeterThread: Thread finished: Thread Group 1-96
2024-11-20 15:29:12,176 INFO o.a.j.t.JMeterThread: Thread is done: Thread Group 1-97
2024-11-20 15:29:12,176 INFO o.a.j.t.JMeterThread: Thread finished: Thread Group 1-97
2024-11-20 15:29:12,189 INFO o.a.j.t.JMeterThread: Thread is done: Thread Group 1-98
2024-11-20 15:29:12,189 INFO o.a.j.t.JMeterThread: Thread finished: Thread Group 1-98
2024-11-20 15:29:12,202 INFO o.a.j.t.JMeterThread: Thread is done: Thread Group 1-99
2024-11-20 15:29:12,202 INFO o.a.j.t.JMeterThread: Thread finished: Thread Group 1-99
2024-11-20 15:29:12,216 INFO o.a.j.t.JMeterThread: Thread is done: Thread Group 1-100
2024-11-20 15:29:12,216 INFO o.a.j.t.JMeterThread: Thread finished: Thread Group 1-100
2024-11-20 15:29:12,217 INFO o.a.j.e.StandardJMeterEngine: Notifying test listeners of end of test
2024-11-20 15:29:12,217 INFO o.a.j.g.u.JMeterMenuBar: setRunning(false, *local*)
